<?xml version="1.0" encoding="UTF-8"?>
<!-- Generated by org.testng.reporters.JUnitReportReporter -->
<testsuite hostname="USE2DEVP1516" failures="0" tests="1" name="MavenProject.ExtenReport.DemoReport" time="15.603" errors="0" timestamp="2021-05-09T03:40:46 IST" skipped="0">
  <testcase classname="MavenProject.ExtenReport.DemoReport" name="BasicReport" time="15.603"/>
  <system-out/>
</testsuite> <!-- MavenProject.ExtenReport.DemoReport -->
